<?xml version="1.0" encoding="UTF-8"?>
<!-- Generated by org.testng.reporters.JUnitReportReporter -->
<testsuite hostname="LAPTOP-5PFT2H13" failures="0" tests="1" name="testCases.TC002_LoginTest" time="7.958" errors="0" timestamp="2024-10-22T21:37:00 IST" skipped="0">
  <testcase classname="testCases.TC002_LoginTest" name="verify_login" time="7.958"/>
</testsuite> <!-- testCases.TC002_LoginTest -->
