<?xml version="1.0" encoding="UTF-8"?>
<!-- Generated by org.testng.reporters.JUnitReportReporter -->
<testsuite hostname="LAPTOP-5PFT2H13" failures="0" tests="4" name="testCases.TC003_LoginDDT" time="25.945" errors="0" timestamp="2024-10-18T21:07:59 IST" skipped="0">
  <testcase classname="testCases.TC003_LoginDDT" name="verify_loginDDT" time="1.430"/>
  <testcase classname="testCases.TC003_LoginDDT" name="verify_loginDDT" time="2.173"/>
  <testcase classname="testCases.TC003_LoginDDT" name="verify_loginDDT" time="11.212"/>
  <testcase classname="testCases.TC003_LoginDDT" name="verify_loginDDT" time="11.130"/>
</testsuite> <!-- testCases.TC003_LoginDDT -->
