<?xml version="1.0" encoding="UTF-8"?>
<!-- Generated by org.testng.reporters.JUnitReportReporter -->
<testsuite hostname="LAPTOP-5PFT2H13" failures="0" tests="4" name="testCases.TC003_LoginDDT" time="25.515" errors="0" timestamp="2024-10-22T21:37:00 IST" skipped="0">
  <testcase classname="testCases.TC003_LoginDDT" name="verify_loginDDT" time="1.424"/>
  <testcase classname="testCases.TC003_LoginDDT" name="verify_loginDDT" time="1.642"/>
  <testcase classname="testCases.TC003_LoginDDT" name="verify_loginDDT" time="11.121"/>
  <testcase classname="testCases.TC003_LoginDDT" name="verify_loginDDT" time="11.328"/>
</testsuite> <!-- testCases.TC003_LoginDDT -->
