<?xml version="1.0" encoding="UTF-8"?>
<!-- Generated by org.testng.reporters.JUnitReportReporter -->
<testsuite hostname="LAPTOP-5PFT2H13" failures="0" tests="1" name="testCases.TC001_AccountRegistrationTest" time="14.687" errors="0" timestamp="2024-10-18T21:07:59 IST" skipped="0">
  <testcase classname="testCases.TC001_AccountRegistrationTest" name="verify_account_registration" time="14.687"/>
</testsuite> <!-- testCases.TC001_AccountRegistrationTest -->
