<?xml version="1.0" encoding="UTF-8"?>
<!-- Generated by org.testng.reporters.JUnitReportReporter -->
<testsuite hostname="LAPTOP-5PFT2H13" failures="0" tests="4" name="testCases.TC003_LoginDDT" time="26.527" errors="0" timestamp="2024-10-24T16:03:50 IST" skipped="0">
  <testcase classname="testCases.TC003_LoginDDT" name="verify_loginDDT" time="1.260"/>
  <testcase classname="testCases.TC003_LoginDDT" name="verify_loginDDT" time="10.934"/>
  <testcase classname="testCases.TC003_LoginDDT" name="verify_loginDDT" time="12.733"/>
  <testcase classname="testCases.TC003_LoginDDT" name="verify_loginDDT" time="1.600"/>
</testsuite> <!-- testCases.TC003_LoginDDT -->
