<?xml version="1.0" encoding="UTF-8"?>
<!-- Generated by org.testng.reporters.JUnitReportReporter -->
<testsuite hostname="LAPTOP-5PFT2H13" failures="0" tests="4" name="testCases.TC003_LoginDDT" time="25.498" errors="0" timestamp="2024-10-24T15:58:00 IST" skipped="0">
  <testcase classname="testCases.TC003_LoginDDT" name="verify_loginDDT" time="1.191"/>
  <testcase classname="testCases.TC003_LoginDDT" name="verify_loginDDT" time="11.263"/>
  <testcase classname="testCases.TC003_LoginDDT" name="verify_loginDDT" time="10.883"/>
  <testcase classname="testCases.TC003_LoginDDT" name="verify_loginDDT" time="2.161"/>
</testsuite> <!-- testCases.TC003_LoginDDT -->
