<?xml version="1.0" encoding="UTF-8"?>
<!-- Generated by org.testng.reporters.JUnitReportReporter -->
<testsuite hostname="LAPTOP-5PFT2H13" failures="0" tests="1" name="testCases.TC002_LoginTest" time="7.540" errors="0" timestamp="2024-10-24T16:03:50 IST" skipped="0">
  <testcase classname="testCases.TC002_LoginTest" name="verify_login" time="7.540"/>
</testsuite> <!-- testCases.TC002_LoginTest -->
