<?xml version="1.0" encoding="UTF-8"?>
<!-- Generated by org.testng.reporters.JUnitReportReporter -->
<testsuite hostname="LAPTOP-5PFT2H13" failures="0" tests="4" name="testCases.TC003_LoginDDT" time="24.988" errors="0" timestamp="2024-10-22T18:07:47 IST" skipped="0">
  <testcase classname="testCases.TC003_LoginDDT" name="verify_loginDDT" time="10.782"/>
  <testcase classname="testCases.TC003_LoginDDT" name="verify_loginDDT" time="1.508"/>
  <testcase classname="testCases.TC003_LoginDDT" name="verify_loginDDT" time="1.597"/>
  <testcase classname="testCases.TC003_LoginDDT" name="verify_loginDDT" time="11.101"/>
</testsuite> <!-- testCases.TC003_LoginDDT -->
